
> vibe-generated-app@1.0.0 dev
> vite


  VITE v5.4.20  ready in 247 ms

  ➜  Local:   http://localhost:3000/
  ➜  Network: http://172.20.13.206:3000/
11:24:57 AM [vite] Pre-transform error: Failed to resolve import "react-apexcharts" from "src/components/Stats.jsx". Does the file exist?
11:24:59 AM [vite] Internal server error: Failed to resolve import "react-apexcharts" from "src/components/Stats.jsx". Does the file exist?
  Plugin: vite:import-analysis
  File: /home/workspace/src/components/Stats.jsx:2:18
  1  |  import { jsxDEV } from "react/jsx-dev-runtime";
  2  |  import React from "react";
  3  |  import Chart from "react-apexcharts";
     |                     ^
  4  |  export default function Stats() {
  5  |    const series = [{ name: "Monthly Bookings", data: [28, 40, 32, 55, 48, 70, 90, 110, 105, 130, 150, 170] }];
      at TransformPluginContext._formatError (file:///home/workspace/node_modules/vite/dist/node/chunks/dep-D_zLpgQd.js:49258:41)
      at TransformPluginContext.error (file:///home/workspace/node_modules/vite/dist/node/chunks/dep-D_zLpgQd.js:49253:16)
      at normalizeUrl (file:///home/workspace/node_modules/vite/dist/node/chunks/dep-D_zLpgQd.js:64306:23)
      at process.processTicksAndRejections (node:internal/process/task_queues:105:5)
      at async file:///home/workspace/node_modules/vite/dist/node/chunks/dep-D_zLpgQd.js:64438:39
      at async Promise.all (index 2)
      at async TransformPluginContext.transform (file:///home/workspace/node_modules/vite/dist/node/chunks/dep-D_zLpgQd.js:64365:7)
      at async PluginContainer.transform (file:///home/workspace/node_modules/vite/dist/node/chunks/dep-D_zLpgQd.js:49099:18)
      at async loadAndTransform (file:///home/workspace/node_modules/vite/dist/node/chunks/dep-D_zLpgQd.js:51977:27)
      at async viteTransformMiddleware (file:///home/workspace/node_modules/vite/dist/node/chunks/dep-D_zLpgQd.js:62105:24)
11:25:05 AM [vite] Internal server error: Failed to resolve import "react-apexcharts" from "src/components/Stats.jsx". Does the file exist?
  Plugin: vite:import-analysis
  File: /home/workspace/src/components/Stats.jsx:2:18
  1  |  import { jsxDEV } from "react/jsx-dev-runtime";
  2  |  import React from "react";
  3  |  import Chart from "react-apexcharts";
     |                     ^
  4  |  export default function Stats() {
  5  |    const series = [{ name: "Monthly Bookings", data: [28, 40, 32, 55, 48, 70, 90, 110, 105, 130, 150, 170] }];
      at TransformPluginContext._formatError (file:///home/workspace/node_modules/vite/dist/node/chunks/dep-D_zLpgQd.js:49258:41)
      at TransformPluginContext.error (file:///home/workspace/node_modules/vite/dist/node/chunks/dep-D_zLpgQd.js:49253:16)
      at normalizeUrl (file:///home/workspace/node_modules/vite/dist/node/chunks/dep-D_zLpgQd.js:64306:23)
      at process.processTicksAndRejections (node:internal/process/task_queues:105:5)
      at async file:///home/workspace/node_modules/vite/dist/node/chunks/dep-D_zLpgQd.js:64438:39
      at async Promise.all (index 2)
      at async TransformPluginContext.transform (file:///home/workspace/node_modules/vite/dist/node/chunks/dep-D_zLpgQd.js:64365:7)
      at async PluginContainer.transform (file:///home/workspace/node_modules/vite/dist/node/chunks/dep-D_zLpgQd.js:49099:18)
      at async loadAndTransform (file:///home/workspace/node_modules/vite/dist/node/chunks/dep-D_zLpgQd.js:51977:27)
      at async viteTransformMiddleware (file:///home/workspace/node_modules/vite/dist/node/chunks/dep-D_zLpgQd.js:62105:24)
11:25:16 AM [vite] Internal server error: Failed to resolve import "react-apexcharts" from "src/components/Stats.jsx". Does the file exist?
  Plugin: vite:import-analysis
  File: /home/workspace/src/components/Stats.jsx:2:18
  1  |  import { jsxDEV } from "react/jsx-dev-runtime";
  2  |  import React from "react";
  3  |  import Chart from "react-apexcharts";
     |                     ^
  4  |  export default function Stats() {
  5  |    const series = [{ name: "Monthly Bookings", data: [28, 40, 32, 55, 48, 70, 90, 110, 105, 130, 150, 170] }];
      at TransformPluginContext._formatError (file:///home/workspace/node_modules/vite/dist/node/chunks/dep-D_zLpgQd.js:49258:41)
      at TransformPluginContext.error (file:///home/workspace/node_modules/vite/dist/node/chunks/dep-D_zLpgQd.js:49253:16)
      at normalizeUrl (file:///home/workspace/node_modules/vite/dist/node/chunks/dep-D_zLpgQd.js:64306:23)
      at process.processTicksAndRejections (node:internal/process/task_queues:105:5)
      at async file:///home/workspace/node_modules/vite/dist/node/chunks/dep-D_zLpgQd.js:64438:39
      at async Promise.all (index 2)
      at async TransformPluginContext.transform (file:///home/workspace/node_modules/vite/dist/node/chunks/dep-D_zLpgQd.js:64365:7)
      at async PluginContainer.transform (file:///home/workspace/node_modules/vite/dist/node/chunks/dep-D_zLpgQd.js:49099:18)
      at async loadAndTransform (file:///home/workspace/node_modules/vite/dist/node/chunks/dep-D_zLpgQd.js:51977:27)
      at async viteTransformMiddleware (file:///home/workspace/node_modules/vite/dist/node/chunks/dep-D_zLpgQd.js:62105:24)
11:25:41 AM [vite] Internal server error: Failed to resolve import "react-apexcharts" from "src/components/Stats.jsx". Does the file exist?
  Plugin: vite:import-analysis
  File: /home/workspace/src/components/Stats.jsx:2:18
  1  |  import { jsxDEV } from "react/jsx-dev-runtime";
  2  |  import React from "react";
  3  |  import Chart from "react-apexcharts";
     |                     ^
  4  |  export default function Stats() {
  5  |    const series = [{ name: "Monthly Bookings", data: [28, 40, 32, 55, 48, 70, 90, 110, 105, 130, 150, 170] }];
      at TransformPluginContext._formatError (file:///home/workspace/node_modules/vite/dist/node/chunks/dep-D_zLpgQd.js:49258:41)
      at TransformPluginContext.error (file:///home/workspace/node_modules/vite/dist/node/chunks/dep-D_zLpgQd.js:49253:16)
      at normalizeUrl (file:///home/workspace/node_modules/vite/dist/node/chunks/dep-D_zLpgQd.js:64306:23)
      at process.processTicksAndRejections (node:internal/process/task_queues:105:5)
      at async file:///home/workspace/node_modules/vite/dist/node/chunks/dep-D_zLpgQd.js:64438:39
      at async Promise.all (index 2)
      at async TransformPluginContext.transform (file:///home/workspace/node_modules/vite/dist/node/chunks/dep-D_zLpgQd.js:64365:7)
      at async PluginContainer.transform (file:///home/workspace/node_modules/vite/dist/node/chunks/dep-D_zLpgQd.js:49099:18)
      at async loadAndTransform (file:///home/workspace/node_modules/vite/dist/node/chunks/dep-D_zLpgQd.js:51977:27)
      at async viteTransformMiddleware (file:///home/workspace/node_modules/vite/dist/node/chunks/dep-D_zLpgQd.js:62105:24)
